Config file created
Error: An invalid token was provided.
You have maybe added client secret instead of BOT token.
Please set BOT token
Bot has started, with 1 users, in 45 channels of 1 guilds.
Bot has started, with 1 users, in 49 channels of 1 guilds.
Bot has started, with 3 users, in 51 channels of 1 guilds.
Bot has started, with 1 users, in 51 channels of 1 guilds.
Bot has started, with 2 users, in 61 channels of 1 guilds.
Bot has started, with 2 users, in 61 channels of 1 guilds.
Bot has started, with 4 users, in 58 channels of 1 guilds.
Bot has started, with 2 users, in 60 channels of 1 guilds.
Bot has started, with 1 users, in 61 channels of 1 guilds.
Bot has started, with 3 users, in 61 channels of 1 guilds.
Bot has started, with 3 users, in 61 channels of 1 guilds.
Bot has started, with 3 users, in 61 channels of 1 guilds.
Bot has started, with 3 users, in 61 channels of 1 guilds.
Bot has started, with 1 users, in 59 channels of 1 guilds.
Bot has started, with 1 users, in 67 channels of 1 guilds.
Bot has started, with 1 users, in 66 channels of 1 guilds.
Bot has started, with 1 users, in 57 channels of 1 guilds.
Bot has started, with 1 users, in 57 channels of 1 guilds.
Bot has started, with 1 users, in 57 channels of 1 guilds.
Bot has started, with 1 users, in 57 channels of 1 guilds.
Bot has started, with 1 users, in 58 channels of 1 guilds.
Bot has started, with 1 users, in 58 channels of 1 guilds.
Bot has started, with 1 users, in 57 channels of 1 guilds.
Bot has started, with 1 users, in 57 channels of 1 guilds.
Bot has started, with 1 users, in 58 channels of 1 guilds.
Bot has started, with 1 users, in 58 channels of 1 guilds.
Bot has started, with 1 users, in 58 channels of 1 guilds.
Bot has started, with 1 users, in 58 channels of 1 guilds.
Bot has started, with 1 users, in 41 channels of 1 guilds.
Bot has started, with 1 users, in 41 channels of 1 guilds.
Bot has started, with 1 users, in 41 channels of 1 guilds.
Bot has started, with 1 users, in 41 channels of 1 guilds.
Bot has started, with 1 users, in 45 channels of 1 guilds.
Bot has started, with 1 users, in 45 channels of 1 guilds.
Bot has started, with 1 users, in 45 channels of 1 guilds.
